\BOOKMARK [1][-]{section.1}{\376\377\000D\000i\000f\000f\000e\000r\000e\000n\000z\000i\000a\000l\000r\000e\000c\000h\000n\000u\000n\000g}{}% 1
\BOOKMARK [2][-]{subsection.1.1}{\376\377\000W\000i\000e\000d\000e\000r\000h\000o\000l\000u\000n\000g\000\040\000K\000l\000a\000s\000s\000e\000\040\0001\0000}{section.1}% 2
\BOOKMARK [2][-]{subsection.1.2}{\376\377\000V\000e\000r\000k\000e\000t\000t\000e\000t\000e\000\040\000F\000u\000n\000k\000t\000i\000o\000n\000e\000n}{section.1}% 3
\BOOKMARK [2][-]{subsection.1.3}{\376\377\000D\000i\000e\000\040\000K\000e\000t\000t\000e\000n\000r\000e\000g\000e\000l}{section.1}% 4
\BOOKMARK [2][-]{subsection.1.4}{\376\377\000D\000i\000e\000\040\000P\000r\000o\000d\000u\000k\000t\000r\000e\000g\000e\000l}{section.1}% 5
\BOOKMARK [2][-]{subsection.1.5}{\376\377\000M\000o\000n\000o\000t\000o\000n\000i\000e\000\040\000u\000n\000d\000\040\000K\000r\000\374\000m\000m\000u\000n\000g\000s\000v\000e\000r\000h\000a\000l\000t\000e\000n}{section.1}% 6
\BOOKMARK [2][-]{subsection.1.6}{\376\377\000E\000x\000t\000r\000e\000m\000s\000t\000e\000l\000l\000e\000n}{section.1}% 7
\BOOKMARK [2][-]{subsection.1.7}{\376\377\000W\000e\000n\000d\000e\000s\000t\000e\000l\000l\000e\000n}{section.1}% 8
\BOOKMARK [2][-]{subsection.1.8}{\376\377\000T\000a\000n\000g\000e\000n\000t\000e\000\040\000u\000n\000d\000\040\000N\000o\000r\000m\000a\000l\000e\000\040\000v\000o\000n\000\040\000A\000u\000\337\000e\000n}{section.1}% 9
\BOOKMARK [2][-]{subsection.1.9}{\376\377\000E\000x\000t\000r\000e\000m\000w\000e\000r\000t\000a\000u\000f\000g\000a\000b\000e\000n\000\040\000m\000i\000t\000\040\000N\000e\000b\000e\000n\000b\000e\000d\000i\000n\000g\000u\000n\000g\000e\000n\000\040\000\050\000M\000i\000n\000i\000m\000a\000x\000\051}{section.1}% 10
\BOOKMARK [1][-]{section.2}{\376\377\000E\000x\000p\000o\000n\000e\000n\000t\000i\000a\000l\000f\000u\000n\000k\000t\000i\000o\000n\000e\000n}{}% 11
\BOOKMARK [2][-]{subsection.2.1}{\376\377\000D\000i\000e\000\040\000n\000a\000t\000\374\000r\000l\000i\000c\000h\000e\000\040\000E\000x\000p\000o\000n\000e\000n\000t\000i\000a\000l\000f\000u\000n\000k\000t\000i\000o\000n\000\040\000z\000u\000r\000\040\000B\000a\000s\000i\000s\000\040\000e}{section.2}% 12
\BOOKMARK [2][-]{subsection.2.2}{\376\377\000E\000x\000p\000o\000n\000e\000n\000t\000i\000a\000l\000g\000l\000e\000i\000c\000h\000u\000n\000g\000e\000n\000\040\000m\000i\000t\000\040\000e}{section.2}% 13
\BOOKMARK [2][-]{subsection.2.3}{\376\377\000K\000u\000r\000v\000e\000n\000d\000i\000s\000k\000u\000s\000s\000i\000o\000n\000\040\000b\000e\000i\000\040\000e\000-\000F\000u\000n\000k\000t\000i\000o\000n\000e\000n}{section.2}% 14
\BOOKMARK [2][-]{subsection.2.4}{\376\377\000F\000u\000n\000k\000t\000i\000o\000n\000e\000n\000s\000c\000h\000a\000r\000e\000n\000\040\000v\000o\000n\000\040\000e\000-\000F\000u\000n\000k\000t\000i\000o\000n\000e\000n}{section.2}% 15
\BOOKMARK [2][-]{subsection.2.5}{\376\377\000D\000i\000e\000\040\000U\000m\000k\000e\000h\000r\000f\000u\000n\000k\000t\000i\000o\000n}{section.2}% 16
\BOOKMARK [2][-]{subsection.2.6}{\376\377\000D\000e\000r\000\040\000n\000a\000t\000\374\000r\000l\000i\000c\000h\000e\000\040\000L\000o\000g\000a\000r\000i\000t\000h\000m\000u\000s\000\040\000u\000n\000d\000\040\000s\000e\000i\000n\000e\000\040\000A\000b\000l\000e\000i\000t\000u\000n\000g\000s\000f\000u\000n\000k\000t\000i\000o\000n}{section.2}% 17
\BOOKMARK [2][-]{subsection.2.7}{\376\377\000E\000x\000p\000o\000n\000e\000n\000t\000i\000e\000l\000l\000e\000s\000\040\000W\000a\000c\000h\000s\000t\000u\000m}{section.2}% 18
\BOOKMARK [1][-]{section.3}{\376\377\000I\000n\000t\000e\000g\000r\000a\000l\000r\000e\000c\000h\000n\000u\000n\000g}{}% 19
\BOOKMARK [2][-]{subsection.3.1}{\376\377\000B\000e\000s\000t\000i\000m\000m\000e\000n\000\040\000d\000e\000r\000\040\000G\000e\000s\000a\000m\000t\000\344\000n\000d\000e\000r\000u\000n\000g\000\040\000-\000\040\000o\000r\000i\000e\000n\000t\000i\000e\000r\000t\000e\000r\000\040\000F\000l\000\344\000c\000h\000e\000n\000i\000n\000h\000a\000l\000t}{section.3}% 20
\BOOKMARK [2][-]{subsection.3.2}{\376\377\000D\000a\000s\000\040\000I\000n\000t\000e\000g\000r\000a\000l\000\040\000a\000l\000s\000\040\000o\000r\000i\000e\000n\000t\000i\000e\000r\000t\000e\000r\000\040\000F\000l\000\344\000c\000h\000e\000n\000i\000n\000h\000a\000l\000t}{section.3}% 21
\BOOKMARK [2][-]{subsection.3.3}{\376\377\000D\000e\000r\000\040\000H\000a\000u\000p\000t\000s\000a\000t\000z\000\040\000d\000e\000r\000\040\000D\000i\000f\000f\000e\000r\000e\000n\000t\000i\000a\000l\000-\000\040\000u\000n\000d\000\040\000I\000n\000t\000e\000g\000r\000a\000l\000r\000e\000c\000h\000n\000u\000n\000g}{section.3}% 22
\BOOKMARK [2][-]{subsection.3.4}{\376\377\000B\000e\000s\000t\000i\000m\000m\000e\000n\000\040\000v\000o\000n\000\040\000S\000t\000a\000m\000m\000f\000u\000n\000k\000t\000i\000o\000n\000e\000n}{section.3}% 23
\BOOKMARK [2][-]{subsection.3.5}{\376\377\000G\000r\000a\000p\000h\000e\000n\000\040\000v\000o\000n\000\040\000S\000t\000a\000m\000m\000f\000u\000n\000k\000t\000i\000o\000n\000e\000n}{section.3}% 24
\BOOKMARK [2][-]{subsection.3.6}{\376\377\000I\000n\000t\000e\000g\000r\000a\000l\000\040\000u\000n\000d\000\040\000F\000l\000\344\000c\000h\000e\000n\000i\000n\000h\000a\000l\000t}{section.3}% 25
\BOOKMARK [2][-]{subsection.3.7}{\376\377\000V\000o\000l\000u\000m\000e\000n\000\040\000v\000o\000n\000\040\000R\000o\000t\000a\000t\000i\000o\000n\000s\000k\000\366\000r\000p\000e\000r\000n}{section.3}% 26
\BOOKMARK [2][-]{subsection.3.8}{\376\377\000U\000n\000e\000i\000g\000e\000n\000t\000l\000i\000c\000h\000e\000\040\000I\000n\000t\000e\000g\000r\000a\000l\000e}{section.3}% 27
\BOOKMARK [2][-]{subsection.3.9}{\376\377\000M\000i\000t\000t\000e\000l\000w\000e\000r\000t\000e\000\040\000v\000o\000n\000\040\000F\000u\000n\000k\000t\000i\000o\000n\000e\000n}{section.3}% 28
